ASxxxx Assembler V02.00 + NoICE + SDCC mods  (Zilog Z80 / Hitachi HD64180), page 1.
Hexadecimal [16-Bits]



                              1 ;; File 'assets/screens/controlspowers.s' generated using cpct_pack
                              2 ;; Compresor used:   zx7b
                              3 ;; Files compressed: [ 'assets/screens/CONTROLSPOWERS2.bin' ]
                              4 ;; Uncompressed:     16384 bytes
                              5 ;; Compressed:       1751 bytes
                              6 ;; Space saved:      14633 bytes
                              7 ;;
                              8 
                              9 ;; Data array definition
   0000                      10 _controlspowers::
   0000 80 55 00 D5 55 1F    11    .db  0x80, 0x55, 0x00, 0xd5, 0x55, 0x1f, 0xd4, 0x0a, 0x12, 0x7d, 0x41, 0x26, 0xb4, 0x07, 0x22, 0x13
        D4 0A 12 7D 41 26
        B4 07 22 13
   0010 E7 05 9A 27 20 EB    12    .db  0xe7, 0x05, 0x9a, 0x27, 0x20, 0xeb, 0x15, 0x0e, 0xee, 0xcf, 0x35, 0x05, 0x06, 0x08, 0xfe, 0x01
        15 0E EE CF 35 05
        06 08 FE 01
   0020 41 08 EE BC 41 5A    13    .db  0x41, 0x08, 0xee, 0xbc, 0x41, 0x5a, 0xdf, 0x82, 0x00, 0xb0, 0x14, 0xd8, 0xf4, 0x45, 0x00, 0x04
        DF 82 00 B0 14 D8
        F4 45 00 04
   0030 68 C4 DF 0D A2 4F    14    .db  0x68, 0xc4, 0xdf, 0x0d, 0xa2, 0x4f, 0x83, 0x55, 0xbf, 0x7b, 0x62, 0xd6, 0x97, 0x06, 0x9f, 0xa9
        83 55 BF 7B 62 D6
        97 06 9F A9
   0040 C0 C0 0E B2 05 BF    15    .db  0xc0, 0xc0, 0x0e, 0xb2, 0x05, 0xbf, 0x47, 0x08, 0xbb, 0xff, 0x7b, 0x00, 0x08, 0x9f, 0x88, 0x9f
        47 08 BB FF 7B 00
        08 9F 88 9F
   0050 83 00 C0 F3 6E C4    16    .db  0x83, 0x00, 0xc0, 0xf3, 0x6e, 0xc4, 0xff, 0x47, 0x50, 0x8c, 0x5a, 0xff, 0x4f, 0xb5, 0xeb, 0x44
        FF 47 50 8C 5A FF
        4F B5 EB 44
   0060 57 EF B0 08 4B B0    17    .db  0x57, 0xef, 0xb0, 0x08, 0x4b, 0xb0, 0xf2, 0xef, 0x21, 0x11, 0xff, 0xbb, 0xc1, 0xbf, 0x81, 0xff
        F2 EF 21 11 FF BB
        C1 BF 81 FF
   0070 1E 82 05 08 EE E6    18    .db  0x1e, 0x82, 0x05, 0x08, 0xee, 0xe6, 0x15, 0x80, 0x4a, 0x4f, 0x18, 0x0a, 0xe8, 0xae, 0x30, 0x8f
        15 80 4A 4F 18 0A
        E8 AE 30 8F
   0080 F6 A0 DF 8C 0A 41    19    .db  0xf6, 0xa0, 0xdf, 0x8c, 0x0a, 0x41, 0x2a, 0xc9, 0x77, 0x85, 0xe8, 0xe8, 0xff, 0x03, 0x64, 0x22
        2A C9 77 85 E8 E8
        FF 03 64 22
   0090 CF 0D FF 7D 14 52    20    .db  0xcf, 0x0d, 0xff, 0x7d, 0x14, 0x52, 0x70, 0x1e, 0x5d, 0xfa, 0x88, 0x46, 0xff, 0xbe, 0x08, 0x62
        70 1E 5D FA 88 46
        FF BE 08 62
   00A0 03 1D 6E FF FA 9A    21    .db  0x03, 0x1d, 0x6e, 0xff, 0xfa, 0x9a, 0xed, 0x4f, 0x19, 0x03, 0xe0, 0x00, 0x01, 0x87, 0xce, 0xb9
        ED 4F 19 03 E0 00
        01 87 CE B9
   00B0 05 BA 8D C3 FF F4    22    .db  0x05, 0xba, 0x8d, 0xc3, 0xff, 0xf4, 0x14, 0x14, 0x8f, 0x57, 0x0c, 0x95, 0xd8, 0x0f, 0x25, 0xe2
        14 14 8F 57 0C 95
        D8 0F 25 E2
   00C0 B0 52 AA 36 00 1C    23    .db  0xb0, 0x52, 0xaa, 0x36, 0x00, 0x1c, 0xd8, 0xf0, 0x10, 0x41, 0xff, 0x05, 0xdf, 0x70, 0xd7, 0xd3
        D8 F0 10 41 FF 05
        DF 70 D7 D3
   00D0 FF 05 C7 FF 3D 44    24    .db  0xff, 0x05, 0xc7, 0xff, 0x3d, 0x44, 0x00, 0x50, 0x12, 0x31, 0xe3, 0x17, 0x8e, 0xfc, 0xbe, 0x13
        00 50 12 31 E3 17
        8E FC BE 13
   00E0 19 1B 03 00 03 AE    25    .db  0x19, 0x1b, 0x03, 0x00, 0x03, 0xae, 0x0a, 0x15, 0x7d, 0xfa, 0x7d, 0x06, 0x0a, 0x06, 0xfc, 0x08
        0A 15 7D FA 7D 06
        0A 06 FC 08
ASxxxx Assembler V02.00 + NoICE + SDCC mods  (Zilog Z80 / Hitachi HD64180), page 2.
Hexadecimal [16-Bits]



   00F0 C4 F7 D0 F4 20 06    26    .db  0xc4, 0xf7, 0xd0, 0xf4, 0x20, 0x06, 0x85, 0xdb, 0xbe, 0xd0, 0x19, 0x19, 0x11, 0x00, 0x32, 0x33
        85 DB BE D0 19 19
        11 00 32 33
   0100 28 2A 39 D8 7C 05    27    .db  0x28, 0x2a, 0x39, 0xd8, 0x7c, 0x05, 0xff, 0x7d, 0x10, 0x00, 0xdd, 0xb0, 0xd8, 0xff, 0x53, 0xb5
        FF 7D 10 00 DD B0
        D8 FF 53 B5
   0110 AD FF F7 40 83 FC    28    .db  0xad, 0xff, 0xf7, 0x40, 0x83, 0xfc, 0x02, 0xd3, 0xe7, 0xff, 0xa9, 0x1a, 0x64, 0x00, 0x88, 0x82
        02 D3 E7 FF A9 1A
        64 00 88 82
   0120 FF 2F 0A C3 C3 C6    29    .db  0xff, 0x2f, 0x0a, 0xc3, 0xc3, 0xc6, 0xc2, 0xff, 0x07, 0xc1, 0x61, 0xef, 0x08, 0x55, 0x49, 0xd1
        C2 FF 07 C1 61 EF
        08 55 49 D1
   0130 80 FF BE 77 22 2A    30    .db  0x80, 0xff, 0xbe, 0x77, 0x22, 0x2a, 0xff, 0x1e, 0x8a, 0x0d, 0x6e, 0xda, 0x07, 0xed, 0x06, 0x80
        FF 1E 8A 0D 6E DA
        07 ED 06 80
   0140 CB 8F F6 A0 82 FB    31    .db  0xcb, 0x8f, 0xf6, 0xa0, 0x82, 0xfb, 0x44, 0x76, 0xff, 0x3e, 0x00, 0xc8, 0xff, 0x07, 0x40, 0xb0
        44 76 FF 3E 00 C8
        FF 07 40 B0
   0150 77 05 DF 96 BD FF    32    .db  0x77, 0x05, 0xdf, 0x96, 0xbd, 0xff, 0x19, 0x80, 0x15, 0x2a, 0x15, 0xf0, 0x67, 0xda, 0x4f, 0xc0
        19 80 15 2A 15 F0
        67 DA 4F C0
   0160 20 51 F2 F1 88 DF    33    .db  0x20, 0x51, 0xf2, 0xf1, 0x88, 0xdf, 0x72, 0x1e, 0xbf, 0x8f, 0xa2, 0x55, 0x4b, 0xd6, 0xff, 0x43
        72 1E BF 8F A2 55
        4B D6 FF 43
   0170 04 DD FF 43 42 05    34    .db  0x04, 0xdd, 0xff, 0x43, 0x42, 0x05, 0x77, 0xeb, 0x01, 0xdf, 0xff, 0x7d, 0x00, 0x41, 0xff, 0xbe
        77 EB 01 DF FF 7D
        00 41 FF BE
   0180 80 06 01 E3 AA CF    35    .db  0x80, 0x06, 0x01, 0xe3, 0xaa, 0xcf, 0x74, 0x05, 0x14, 0x68, 0xe5, 0xa6, 0x07, 0x08, 0x90, 0xd8
        74 05 14 68 E5 A6
        07 08 90 D8
   0190 AF 04 E0 22 FF F2    36    .db  0xaf, 0x04, 0xe0, 0x22, 0xff, 0xf2, 0x41, 0x01, 0xc5, 0x55, 0xb5, 0xb3, 0x7b, 0x88, 0xbb, 0xff
        41 01 C5 55 B5 B3
        7B 88 BB FF
   01A0 00 21 FF 0F 10 16    37    .db  0x00, 0x21, 0xff, 0x0f, 0x10, 0x16, 0x74, 0xff, 0xf5, 0x03, 0xd4, 0x19, 0x0d, 0x27, 0x05, 0xd3
        74 FF F5 03 D4 19
        0D 27 05 D3
   01B0 09 04 DC 02 DD FF    38    .db  0x09, 0x04, 0xdc, 0x02, 0xdd, 0xff, 0x07, 0x30, 0xce, 0xf9, 0xff, 0xfa, 0x30, 0x55, 0x2a, 0x0c
        07 30 CE F9 FF FA
        30 55 2A 0C
   01C0 36 00 64 3C 54 2C    39    .db  0x36, 0x00, 0x64, 0x3c, 0x54, 0x2c, 0x3c, 0xd8, 0xf8, 0x0a, 0xaf, 0x4e, 0xa8, 0x1f, 0x18, 0x4f
        3C D8 F8 0A AF 4E
        A8 1F 18 4F
   01D0 BA 15 7B 2A B7 4A    40    .db  0xba, 0x15, 0x7b, 0x2a, 0xb7, 0x4a, 0x4f, 0x72, 0x05, 0x54, 0x3c, 0x3c, 0x86, 0xf8, 0xe8, 0xff
        4F 72 05 54 3C 3C
        86 F8 E8 FF
   01E0 29 30 61 20 00 82    41    .db  0x29, 0x30, 0x61, 0x20, 0x00, 0x82, 0x1a, 0xac, 0x92, 0xff, 0x3c, 0xef, 0x84, 0x10, 0xf4, 0xd0
        1A AC 92 FF 3C EF
        84 10 F4 D0
   01F0 FF 97 FF 0F FF 4F    42    .db  0xff, 0x97, 0xff, 0x0f, 0xff, 0x4f, 0x0a, 0xb4, 0xec, 0xd7, 0xff, 0x57, 0xca, 0xfd, 0x04, 0xaf
        0A B4 EC D7 FF 57
        CA FD 04 AF
   0200 3D 41 50 EF 90 BE    43    .db  0x3d, 0x41, 0x50, 0xef, 0x90, 0xbe, 0xb4, 0x93, 0x10, 0x00, 0xf3, 0x6e, 0x26, 0x4f, 0x03, 0xe8
        B4 93 10 00 F3 6E
        26 4F 03 E8
   0210 FF 8B 28 CE A7 FF    44    .db  0xff, 0x8b, 0x28, 0xce, 0xa7, 0xff, 0x27, 0x88, 0x00, 0x75, 0xaf, 0xcf, 0xab, 0xff, 0x0f, 0x08
ASxxxx Assembler V02.00 + NoICE + SDCC mods  (Zilog Z80 / Hitachi HD64180), page 3.
Hexadecimal [16-Bits]



        27 88 00 75 AF CF
        AB FF 0F 08
   0220 B3 CE CA BF 09 FF    45    .db  0xb3, 0xce, 0xca, 0xbf, 0x09, 0xff, 0x4c, 0xa0, 0xff, 0xf5, 0x50, 0x0f, 0x55, 0x02, 0xd7, 0x10
        4C A0 FF F5 50 0F
        55 02 D7 10
   0230 0C E6 CA 12 C7 CA    46    .db  0x0c, 0xe6, 0xca, 0x12, 0xc7, 0xca, 0x18, 0x3a, 0xe6, 0x4f, 0x03, 0x38, 0xee, 0xff, 0x0b, 0x0b
        18 3A E6 4F 03 38
        EE FF 0B 0B
   0240 B8 02 AB 8A 9B F9    47    .db  0xb8, 0x02, 0xab, 0x8a, 0x9b, 0xf9, 0xa9, 0xe4, 0xad, 0xcf, 0x8b, 0x11, 0x26, 0xa2, 0x01, 0x22
        A9 E4 AD CF 8B 11
        26 A2 01 22
   0250 11 C4 D8 53 00 70    48    .db  0x11, 0xc4, 0xd8, 0x53, 0x00, 0x70, 0x51, 0x12, 0x71, 0x02, 0x01, 0x5f, 0xff, 0x0f, 0x03, 0x73
        51 12 71 02 01 5F
        FF 0F 03 73
   0260 F2 00 D7 51 40 03    49    .db  0xf2, 0x00, 0xd7, 0x51, 0x40, 0x03, 0x12, 0x77, 0x20, 0x34, 0xb4, 0x08, 0x05, 0xe3, 0x13, 0x19
        12 77 20 34 B4 08
        05 E3 13 19
   0270 9B 0A 18 EE 04 1C    50    .db  0x9b, 0x0a, 0x18, 0xee, 0x04, 0x1c, 0xbe, 0x01, 0x0a, 0x0d, 0xf9, 0x02, 0x01, 0x06, 0xfb, 0x07
        BE 01 0A 0D F9 02
        01 06 FB 07
   0280 00 10 05 C9 00 30    51    .db  0x00, 0x10, 0x05, 0xc9, 0x00, 0x30, 0x20, 0x8e, 0xff, 0x87, 0x84, 0x26, 0x56, 0x1c, 0x28, 0x28
        20 8E FF 87 84 26
        56 1C 28 28
   0290 85 D8 8F A0 FF AF    52    .db  0x85, 0xd8, 0x8f, 0xa0, 0xff, 0xaf, 0x8a, 0xc3, 0xff, 0x7c, 0x00, 0x91, 0xff, 0x07, 0x80, 0x0a
        8A C3 FF 7C 00 91
        FF 07 80 0A
   02A0 41 C9 FF F0 11 77    53    .db  0x41, 0xc9, 0xff, 0xf0, 0x11, 0x77, 0x33, 0x84, 0xff, 0x27, 0x41, 0xd3, 0x20, 0x02, 0x51, 0xff
        33 84 FF 27 41 D3
        20 02 51 FF
   02B0 F3 51 00 0D 15 EF    54    .db  0xf3, 0x51, 0x00, 0x0d, 0x15, 0xef, 0x56, 0x00, 0xc3, 0x5d, 0xc6, 0x9f, 0x20, 0x0b, 0xc4, 0xff
        56 00 C3 5D C6 9F
        20 0B C4 FF
   02C0 3D AA 35 AE 40 BB    55    .db  0x3d, 0xaa, 0x35, 0xae, 0x40, 0xbb, 0xff, 0xa7, 0xaa, 0xfc, 0x01, 0x6d, 0x05, 0xba, 0xf6, 0xb6
        FF A7 AA FC 01 6D
        05 BA F6 B6
   02D0 FF FF 7C E6 45 FF    56    .db  0xff, 0xff, 0x7c, 0xe6, 0x45, 0xff, 0x9e, 0x6a, 0xe5, 0xac, 0xe6, 0xca, 0xff, 0xbe, 0x88, 0xfc
        9E 6A E5 AC E6 CA
        FF BE 88 FC
   02E0 EE CF EA E0 9F A6    57    .db  0xee, 0xcf, 0xea, 0xe0, 0x9f, 0xa6, 0x00, 0x33, 0x33, 0x22, 0x0a, 0xcf, 0xba, 0xc3, 0xdd, 0x2a
        00 33 33 22 0A CF
        BA C3 DD 2A
   02F0 FF FF 3C 05 50 B5    58    .db  0xff, 0xff, 0x3c, 0x05, 0x50, 0xb5, 0x7a, 0x33, 0xda, 0xf0, 0x01, 0xff, 0x1f, 0x04, 0x50, 0xa0
        7A 33 DA F0 01 FF
        1F 04 50 A0
   0300 50 D1 DF 81 B6 E2    59    .db  0x50, 0xd1, 0xdf, 0x81, 0xb6, 0xe2, 0x2a, 0x8e, 0x0f, 0x4f, 0x86, 0x00, 0x4f, 0x68, 0x53, 0x02
        2A 8E 0F 4F 86 00
        4F 68 53 02
   0310 77 0E 3B 5F 38 FF    60    .db  0x77, 0x0e, 0x3b, 0x5f, 0x38, 0xff, 0xf7, 0x05, 0xaa, 0x90, 0xff, 0x27, 0x00, 0x00, 0x6a, 0x2f
        F7 05 AA 90 FF 27
        00 00 6A 2F
   0320 3D 8B 00 37 03 FF    61    .db  0x3d, 0x8b, 0x00, 0x37, 0x03, 0xff, 0xf9, 0xa2, 0xaa, 0x01, 0xd6, 0xff, 0x55, 0x47, 0xcf, 0xba
        F9 A2 AA 01 D6 FF
        55 47 CF BA
   0330 28 62 C0 52 CF 01    62    .db  0x28, 0x62, 0xc0, 0x52, 0xcf, 0x01, 0x80, 0x22, 0x88, 0xd8, 0xa7, 0x00, 0xe0, 0xa2, 0x11, 0xe2
        80 22 88 D8 A7 00
ASxxxx Assembler V02.00 + NoICE + SDCC mods  (Zilog Z80 / Hitachi HD64180), page 4.
Hexadecimal [16-Bits]



        E0 A2 11 E2
   0340 DC EE 48 ED 55 6B    63    .db  0xdc, 0xee, 0x48, 0xed, 0x55, 0x6b, 0xff, 0xc7, 0xf7, 0x5d, 0xfe, 0x5f, 0x55, 0x12, 0x30, 0xd1
        FF C7 F7 5D FE 5F
        55 12 30 D1
   0350 FF 13 D3 D5 FF 47    64    .db  0xff, 0x13, 0xd3, 0xd5, 0xff, 0x47, 0x8e, 0x73, 0x11, 0xf7, 0xda, 0xd2, 0xff, 0x07, 0x00, 0xff
        8E 73 11 F7 DA D2
        FF 07 00 FF
   0360 F9 00 CA FF 57 14    65    .db  0xf9, 0x00, 0xca, 0xff, 0x57, 0x14, 0x44, 0xc0, 0xa6, 0x32, 0x00, 0x22, 0x26, 0xad, 0xff, 0xaf
        44 C0 A6 32 00 22
        26 AD FF AF
   0370 8A FF 9F 3A 54 8F    66    .db  0x8a, 0xff, 0x9f, 0x3a, 0x54, 0x8f, 0x56, 0xff, 0xf5, 0x55, 0x51, 0xb7, 0x7b, 0x21, 0xdf, 0x01
        56 FF F5 55 51 B7
        7B 21 DF 01
   0380 4B C8 B0 77 E7 FF    67    .db  0x4b, 0xc8, 0xb0, 0x77, 0xe7, 0xff, 0x2b, 0x64, 0x22, 0xef, 0x08, 0x02, 0x74, 0x07, 0xc5, 0xa7
        2B 64 22 EF 08 02
        74 07 C5 A7
   0390 06 4F 7D 00 D4 4F    68    .db  0x06, 0x4f, 0x7d, 0x00, 0xd4, 0x4f, 0x75, 0xff, 0xf5, 0x55, 0x30, 0x55, 0x96, 0xff, 0x7b, 0x0a
        75 FF F5 55 30 55
        96 FF 7B 0A
   03A0 02 8E 05 2B A9 ED    69    .db  0x02, 0x8e, 0x05, 0x2b, 0xa9, 0xed, 0x4f, 0x4f, 0x38, 0x0b, 0xe2, 0x1b, 0x81, 0x92, 0xff, 0x3c
        4F 4F 38 0B E2 1B
        81 92 FF 3C
   03B0 41 A4 5B B2 9D EF    70    .db  0x41, 0xa4, 0x5b, 0xb2, 0x9d, 0xef, 0x84, 0x54, 0xff, 0xf4, 0x54, 0xc1, 0xc1, 0xc5, 0xff, 0x53
        84 54 FF F4 54 C1
        C1 C5 FF 53
   03C0 41 8E 5D F8 D9 F3    71    .db  0x41, 0x8e, 0x5d, 0xf8, 0xd9, 0xf3, 0x4c, 0xf0, 0x6e, 0x5d, 0xff, 0x9e, 0x0a, 0x03, 0x20, 0xf8
        4C F0 6E 5D FF 9E
        0A 03 20 F8
   03D0 1A C4 C3 2A 03 9E    72    .db  0x1a, 0xc4, 0xc3, 0x2a, 0x03, 0x9e, 0x20, 0xff, 0x3c, 0x55, 0x07, 0x4c, 0x13, 0x0b, 0x0f, 0x08
        20 FF 3C 55 07 4C
        13 0B 0F 08
   03E0 1D CF AD 0C 99 37    73    .db  0x1d, 0xcf, 0xad, 0x0c, 0x99, 0x37, 0x40, 0x4f, 0x7c, 0x01, 0x75, 0x30, 0x5d, 0x9f, 0xd3, 0xff
        40 4F 7C 01 75 30
        5D 9F D3 FF
   03F0 07 02 70 EB DA FF    74    .db  0x07, 0x02, 0x70, 0xeb, 0xda, 0xff, 0xff, 0x53, 0xff, 0xbe, 0x28, 0x04, 0x48, 0x42, 0xfe, 0x01
        FF 53 FF BE 28 04
        48 42 FE 01
   0400 91 08 88 D8 07 00    75    .db  0x91, 0x08, 0x88, 0xd8, 0x07, 0x00, 0xe2, 0xaa, 0xea, 0xff, 0x03, 0x82, 0x03, 0x12, 0xbe, 0x32
        E2 AA EA FF 03 82
        03 12 BE 32
   0410 04 EE 13 B8 DD C6    76    .db  0x04, 0xee, 0x13, 0xb8, 0xdd, 0xc6, 0x27, 0xa6, 0x00, 0x09, 0x8f, 0xb1, 0xb3, 0xb6, 0xb3, 0x04
        27 A6 00 09 8F B1
        B3 B6 B3 04
   0420 08 BB 06 04 03 FB    77    .db  0x08, 0xbb, 0x06, 0x04, 0x03, 0xfb, 0xa0, 0xb3, 0xf4, 0x3b, 0x22, 0x26, 0x2e, 0xa0, 0xd8, 0x8f
        A0 B3 F4 3B 22 26
        2E A0 D8 8F
   0430 A0 FF A7 8A EE 92    78    .db  0xa0, 0xff, 0xa7, 0x8a, 0xee, 0x92, 0xff, 0x1e, 0x88, 0x15, 0x7b, 0x52, 0x2c, 0xbc, 0xff, 0x27
        FF 1E 88 15 7B 52
        2C BC FF 27
   0440 82 51 E7 76 AF 27    79    .db  0x82, 0x51, 0xe7, 0x76, 0xaf, 0x27, 0x04, 0x5a, 0x5c, 0xff, 0x4f, 0x00, 0x50, 0xbf, 0xb1, 0x07
        04 5A 5C FF 4F 00
        50 BF B1 07
   0450 E2 AF 9E 2C 55 47    80    .db  0xe2, 0xaf, 0x9e, 0x2c, 0x55, 0x47, 0x6e, 0xaf, 0x4f, 0x25, 0x49, 0x49, 0x14, 0xfb, 0x33, 0xff
        6E AF 4F 25 49 49
        14 FB 33 FF
ASxxxx Assembler V02.00 + NoICE + SDCC mods  (Zilog Z80 / Hitachi HD64180), page 5.
Hexadecimal [16-Bits]



   0460 FA 00 01 AE 05 B0    81    .db  0xfa, 0x00, 0x01, 0xae, 0x05, 0xb0, 0xcb, 0x3e, 0x4f, 0x3e, 0x88, 0x44, 0x22, 0xff, 0x9e, 0x80
        CB 3E 4F 3E 88 44
        22 FF 9E 80
   0470 0D 07 03 FB 07 92    82    .db  0x0d, 0x07, 0x03, 0xfb, 0x07, 0x92, 0x77, 0x8d, 0x4a, 0xff, 0x8f, 0xea, 0x11, 0x90, 0xe4, 0xc6
        77 8D 4A FF 8F EA
        11 90 E4 C6
   0480 25 8F A9 D1 D1 8A    83    .db  0x25, 0x8f, 0xa9, 0xd1, 0xd1, 0x8a, 0xaf, 0x0f, 0x11, 0xcf, 0x22, 0xcf, 0xff, 0x3c, 0x00, 0x0b
        AF 0F 11 CF 22 CF
        FF 3C 00 0B
   0490 FF F7 40 15 3B CF    84    .db  0xff, 0xf7, 0x40, 0x15, 0x3b, 0xcf, 0x84, 0xfe, 0x8f, 0xdf, 0x8b, 0x50, 0x00, 0xa0, 0xf0, 0xff
        84 FE 8F DF 8B 50
        00 A0 F0 FF
   04A0 F9 02 00 FF F2 75    85    .db  0xf9, 0x02, 0x00, 0xff, 0xf2, 0x75, 0x41, 0xff, 0xbe, 0x03, 0xba, 0xff, 0xa7, 0x55, 0xa0, 0xda
        41 FF BE 03 BA FF
        A7 55 A0 DA
   04B0 FF F5 51 00 C0 55    86    .db  0xff, 0xf5, 0x51, 0x00, 0xc0, 0x55, 0x82, 0x37, 0xfa, 0x47, 0xd2, 0x9c, 0xbf, 0x43, 0x08, 0x45
        82 37 FA 47 D2 9C
        BF 43 08 45
   04C0 2C 26 02 48 28 10    87    .db  0x2c, 0x26, 0x02, 0x48, 0x28, 0x10, 0xd8, 0x4f, 0x41, 0xff, 0x5f, 0x51, 0xff, 0x52, 0x85, 0x16
        D8 4F 41 FF 5F 51
        FF 52 85 16
   04D0 E8 AA AC 3E 02 39    88    .db  0xe8, 0xaa, 0xac, 0x3e, 0x02, 0x39, 0x62, 0x26, 0xae, 0x04, 0x2f, 0xb9, 0x06, 0x13, 0xa7, 0x19
        62 26 AE 04 2F B9
        06 13 A7 19
   04E0 0D 7B CE A4 10 15    89    .db  0x0d, 0x7b, 0xce, 0xa4, 0x10, 0x15, 0x39, 0x00, 0x02, 0x06, 0xfe, 0x0a, 0x04, 0x08, 0xbf, 0x01
        39 00 02 06 FE 0A
        04 08 BF 01
   04F0 51 A2 00 03 F3 63    90    .db  0x51, 0xa2, 0x00, 0x03, 0xf3, 0x63, 0xa2, 0xf3, 0xa2, 0x68, 0x8a, 0x2c, 0x00, 0x28, 0x00, 0xc0
        A2 F3 A2 68 8A 2C
        00 28 00 C0
   0500 84 26 39 49 FF 1E    91    .db  0x84, 0x26, 0x39, 0x49, 0xff, 0x1e, 0x2a, 0xfe, 0xfa, 0x50, 0x7f, 0xce, 0xff, 0x53, 0xc1, 0xc1
        2A FE FA 50 7F CE
        FF 53 C1 C1
   0510 CC 05 EF 2C FF FA    92    .db  0xcc, 0x05, 0xef, 0x2c, 0xff, 0xfa, 0xaa, 0x4b, 0xc3, 0xdd, 0xff, 0x02, 0xee, 0xac, 0x8f, 0x0c
        AA 4B C3 DD FF 02
        EE AC 8F 0C
   0520 FF 7A 0A AA CA FF    93    .db  0xff, 0x7a, 0x0a, 0xaa, 0xca, 0xff, 0x17, 0x00, 0xef, 0xc1, 0x08, 0x6f, 0x0e, 0xef, 0x01, 0x25
        17 00 EF C1 08 6F
        0E EF 01 25
   0530 79 20 79 00 FF F8    94    .db  0x79, 0x20, 0x79, 0x00, 0xff, 0xf8, 0x02, 0x4c, 0x02, 0xe6, 0x55, 0x02, 0xee, 0x46, 0x4f, 0x61
        02 4C 02 E6 55 02
        EE 46 4F 61
   0540 8A B2 44 79 64 20    95    .db  0x8a, 0xb2, 0x44, 0x79, 0x64, 0x20, 0xef, 0x08, 0x05, 0x74, 0x88, 0x19, 0xff, 0x7d, 0xaa, 0xe5
        EF 08 05 74 88 19
        FF 7D AA E5
   0550 FF 23 00 B8 FF 0F    96    .db  0xff, 0x23, 0x00, 0xb8, 0xff, 0x0f, 0x80, 0x0c, 0x1b, 0x56, 0xff, 0x1f, 0x01, 0x1a, 0x98, 0x44
        80 0C 1B 56 FF 1F
        01 1A 98 44
   0560 1B 11 92 C8 FF 53    97    .db  0x1b, 0x11, 0x92, 0xc8, 0xff, 0x53, 0x04, 0xc2, 0x77, 0x19, 0x28, 0x00, 0x5f, 0x10, 0x30, 0xff
        04 C2 77 19 28 00
        5F 10 30 FF
   0570 F8 8A 10 AB 81 73    98    .db  0xf8, 0x8a, 0x10, 0xab, 0x81, 0x73, 0xb9, 0x07, 0xe9, 0xeb, 0x23, 0x9f, 0x24, 0x02, 0xa0, 0xcf
        B9 07 E9 EB 23 9F
        24 02 A0 CF
   0580 1F 00 D6 23 4F 53    99    .db  0x1f, 0x00, 0xd6, 0x23, 0x4f, 0x53, 0x85, 0xd5, 0x04, 0x35, 0xf9, 0x73, 0xc2, 0xd4, 0xbf, 0xe5
ASxxxx Assembler V02.00 + NoICE + SDCC mods  (Zilog Z80 / Hitachi HD64180), page 6.
Hexadecimal [16-Bits]



        85 D5 04 35 F9 73
        C2 D4 BF E5
   0590 11 19 50 D1 04 00   100    .db  0x11, 0x19, 0x50, 0xd1, 0x04, 0x00, 0x68, 0x0c, 0x55, 0x94, 0x80, 0xd8, 0x78, 0x20, 0x7f, 0x86
        68 0C 55 94 80 D8
        78 20 7F 86
   05A0 A8 88 BB D7 9B 00   101    .db  0xa8, 0x88, 0xbb, 0xd7, 0x9b, 0x00, 0xae, 0x02, 0x26, 0xba, 0x03, 0x26, 0xaf, 0x04, 0x01, 0x05
        AE 02 26 BA 03 26
        AF 04 01 05
   05B0 30 7F 13 38 0E 0F   102    .db  0x30, 0x7f, 0x13, 0x38, 0x0e, 0x0f, 0xbe, 0x9f, 0xb2, 0x15, 0x13, 0xee, 0xc3, 0x0d, 0x5a, 0x8c
        BE 9F B2 15 13 EE
        C3 0D 5A 8C
   05C0 19 00 01 41 82 00   103    .db  0x19, 0x00, 0x01, 0x41, 0x82, 0x00, 0x03, 0x8d, 0x82, 0x14, 0xff, 0xa9, 0x9f, 0x21, 0x39, 0x26
        03 8D 82 14 FF A9
        9F 21 39 26
   05D0 A2 11 04 68 E4 8F   104    .db  0xa2, 0x11, 0x04, 0x68, 0xe4, 0x8f, 0x42, 0x55, 0x45, 0xbf, 0x7b, 0x9e, 0xc0, 0x97, 0x4f, 0x46
        42 55 45 BF 7B 9E
        C0 97 4F 46
   05E0 CC D1 D1 CC 85 DC   105    .db  0xcc, 0xd1, 0xd1, 0xcc, 0x85, 0xdc, 0x58, 0xef, 0x58, 0x51, 0x40, 0x2f, 0x00, 0x3f, 0x3f, 0x4f
        58 EF 58 51 40 2F
        00 3F 3F 4F
   05F0 63 1A 54 CC E6 FE   106    .db  0x63, 0x1a, 0x54, 0xcc, 0xe6, 0xfe, 0x58, 0x08, 0x9f, 0x00, 0x61, 0xf3, 0x6e, 0x02, 0x9f, 0x89
        58 08 9F 00 61 F3
        6E 02 9F 89
   0600 41 00 C3 4A AF 13   107    .db  0x41, 0x00, 0xc3, 0x4a, 0xaf, 0x13, 0x02, 0x8c, 0xd2, 0x01, 0x55, 0x06, 0xae, 0x01, 0xe2, 0x87
        02 8C D2 01 55 06
        AE 01 E2 87
   0610 4F 5D 30 C3 CC 11   108    .db  0x4f, 0x5d, 0x30, 0xc3, 0xcc, 0x11, 0xef, 0x10, 0x0a, 0x0a, 0x14, 0x3c, 0x77, 0x1d, 0x42, 0x80
        EF 10 0A 0A 14 3C
        77 1D 42 80
   0620 4E EF C2 A0 00 53   109    .db  0x4e, 0xef, 0xc2, 0xa0, 0x00, 0x53, 0x4c, 0xf9, 0x01, 0xff, 0x45, 0xab, 0xac, 0x2d, 0xbf, 0x8c
        4C F9 01 FF 45 AB
        AC 2D BF 8C
   0630 44 0D 07 DD 83 65   110    .db  0x44, 0x0d, 0x07, 0xdd, 0x83, 0x65, 0x06, 0x80, 0x97, 0x87, 0x95, 0xef, 0x61, 0x01, 0xc3, 0xbb
        06 80 97 87 95 EF
        61 01 C3 BB
   0640 C5 4F 29 8F A3 05   111    .db  0xc5, 0x4f, 0x29, 0x8f, 0xa3, 0x05, 0x3c, 0x2c, 0x0e, 0x8a, 0x00, 0x30, 0x4c, 0x07, 0xc3, 0x00
        3C 2C 0E 8A 00 30
        4C 07 C3 00
   0650 FF 4B E6 9F 20 45   112    .db  0xff, 0x4b, 0xe6, 0x9f, 0x20, 0x45, 0x51, 0xf0, 0xe5, 0xda, 0x4f, 0x48, 0x0f, 0x87, 0x41, 0x15
        51 F0 E5 DA 4F 48
        0F 87 41 15
   0660 1B 81 64 00 CC 4F   113    .db  0x1b, 0x81, 0x64, 0x00, 0xcc, 0x4f, 0xd6, 0xa0, 0x51, 0xe7, 0xf0, 0xa0, 0x00, 0xef, 0xa9, 0x00
        D6 A0 51 E7 F0 A0
        00 EF A9 00
   0670 E8 02 1E 02 FE 16   114    .db  0xe8, 0x02, 0x1e, 0x02, 0xfe, 0x16, 0x03, 0x44, 0x64, 0x3e, 0x9f, 0x90, 0xff, 0x04, 0x13, 0xea
        03 44 64 3E 9F 90
        FF 04 13 EA
   0680 00 13 B4 FF 03 2C   115    .db  0x00, 0x13, 0xb4, 0xff, 0x03, 0x2c, 0x76, 0xbc, 0x23, 0xc9, 0x00, 0x5c, 0xc1, 0xff, 0x4f, 0x52
        76 BC 23 C9 00 5C
        C1 FF 4F 52
   0690 A8 05 55 21 03 AA   116    .db  0xa8, 0x05, 0x55, 0x21, 0x03, 0xaa, 0x09, 0x4f, 0x29, 0x26, 0xe2, 0x28, 0x21, 0x1c, 0x78, 0x26
        09 4F 29 26 E2 28
        21 1C 78 26
   06A0 E8 11 19 04 94 36   117    .db  0xe8, 0x11, 0x19, 0x04, 0x94, 0x36, 0x48, 0x71, 0xac, 0x40, 0x0c, 0x4f, 0x4a, 0x11, 0x19, 0x00
        48 71 AC 40 0C 4F
ASxxxx Assembler V02.00 + NoICE + SDCC mods  (Zilog Z80 / Hitachi HD64180), page 7.
Hexadecimal [16-Bits]



        4A 11 19 00
   06B0 48 AA 3C 0C 11 22   118    .db  0x48, 0xaa, 0x3c, 0x0c, 0x11, 0x22, 0x25, 0xb0, 0x00, 0xa3, 0x33, 0x36, 0x00, 0x1c, 0x00, 0x42
        25 B0 00 A3 33 36
        00 1C 00 42
   06C0 28 11 9A 01 55 FF   119    .db  0x28, 0x11, 0x9a, 0x01, 0x55, 0xff, 0x21, 0x02, 0x55, 0x00, 0x55, 0x07, 0x63, 0x04, 0x00, 0xaa
        21 02 55 00 55 07
        63 04 00 AA
   06D0 FF AA 1F 00 89 A8   120    .db  0xff, 0xaa, 0x1f, 0x00, 0x89, 0xa8, 0x00
        00
                            121 ;; Address of the latest byte of the compressed array (for unpacking purposes)
                     06D6   122 _controlspowers_end == . - 1
                            123 
